android/app/build/intermediates/manifest_merge_blame_file/debug/manifest-merger-blame-debug-report.txt
1<?xml version="1.0" encoding="utf-8"?>
2<manifest xmlns:android="http://schemas.android.com/apk/res/android"
3    package="com.newsrobo.app"
4    android:versionCode="1"
5    android:versionName="1.0.0" >
6
7    <uses-sdk
8        android:minSdkVersion="24"
9        android:targetSdkVersion="35" />
10
11    <uses-permission android:name="android.permission.INTERNET" />
11-->src\main\AndroidManifest.xml:38:5-67
11-->src\main\AndroidManifest.xml:38:22-64
12    <uses-permission android:name="android.permission.WAKE_LOCK" />
12-->[androidx.work:work-runtime:2.9.0] AndroidManifest.xml:23:5-68
12-->[androidx.work:work-runtime:2.9.0] AndroidManifest.xml:23:22-65
13    <uses-permission android:name="android.permission.ACCESS_NETWORK_STATE" />
13-->[androidx.work:work-runtime:2.9.0] AndroidManifest.xml:24:5-79
13-->[androidx.work:work-runtime:2.9.0] AndroidManifest.xml:24:22-76
14    <uses-permission android:name="android.permission.RECEIVE_BOOT_COMPLETED" />
14-->[androidx.work:work-runtime:2.9.0] AndroidManifest.xml:25:5-81
14-->[androidx.work:work-runtime:2.9.0] AndroidManifest.xml:25:22-78
15    <uses-permission android:name="android.permission.FOREGROUND_SERVICE" />
15-->[androidx.work:work-runtime:2.9.0] AndroidManifest.xml:26:5-77
15-->[androidx.work:work-runtime:2.9.0] AndroidManifest.xml:26:22-74
16
17    <permission
17-->[androidx.core:core:1.12.0] AndroidManifest.xml:22:5-24:47
18        android:name="com.newsrobo.app.DYNAMIC_RECEIVER_NOT_EXPORTED_PERMISSION"
18-->[androidx.core:core:1.12.0] AndroidManifest.xml:23:9-81
19        android:protectionLevel="signature" />
19-->[androidx.core:core:1.12.0] AndroidManifest.xml:24:9-44
20
21    <uses-permission android:name="com.newsrobo.app.DYNAMIC_RECEIVER_NOT_EXPORTED_PERMISSION" />
21-->[androidx.core:core:1.12.0] AndroidManifest.xml:26:5-97
21-->[androidx.core:core:1.12.0] AndroidManifest.xml:26:22-94
22
23    <application
23-->src\main\AndroidManifest.xml:4:5-36:19
24        android:allowBackup="true"
24-->src\main\AndroidManifest.xml:5:9-35
25        android:appComponentFactory="androidx.core.app.CoreComponentFactory"
25-->[androidx.core:core:1.12.0] AndroidManifest.xml:28:18-86
26        android:debuggable="true"
27        android:extractNativeLibs="false"
28        android:icon="@android:drawable/sym_def_app_icon"
28-->src\main\AndroidManifest.xml:6:9-58
29        android:label="@string/app_name"
29-->src\main\AndroidManifest.xml:7:9-41
30        android:roundIcon="@android:drawable/sym_def_app_icon"
30-->src\main\AndroidManifest.xml:8:9-63
31        android:supportsRtl="true"
31-->src\main\AndroidManifest.xml:9:9-35
32        android:theme="@style/AppTheme" >
32-->src\main\AndroidManifest.xml:10:9-40
33        <activity
33-->src\main\AndroidManifest.xml:12:9-25:20
34            android:name="com.newsrobo.app.MainActivity"
34-->src\main\AndroidManifest.xml:14:13-41
35            android:configChanges="orientation|keyboardHidden|keyboard|screenSize|locale|smallestScreenSize|screenLayout|uiMode|navigation"
35-->src\main\AndroidManifest.xml:13:13-140
36            android:exported="true"
36-->src\main\AndroidManifest.xml:18:13-36
37            android:label="@string/title_activity_main"
37-->src\main\AndroidManifest.xml:15:13-56
38            android:launchMode="singleTask"
38-->src\main\AndroidManifest.xml:17:13-44
39            android:theme="@style/AppTheme.NoActionBarLaunch" >
39-->src\main\AndroidManifest.xml:16:13-62
40            <intent-filter>
40-->src\main\AndroidManifest.xml:20:13-23:29
41                <action android:name="android.intent.action.MAIN" />
41-->src\main\AndroidManifest.xml:21:17-69
41-->src\main\AndroidManifest.xml:21:25-66
42
43                <category android:name="android.intent.category.LAUNCHER" />
43-->src\main\AndroidManifest.xml:22:17-77
43-->src\main\AndroidManifest.xml:22:27-74
44            </intent-filter>
45        </activity>
46
47        <provider
48            android:name="androidx.core.content.FileProvider"
48-->src\main\AndroidManifest.xml:28:13-62
49            android:authorities="com.newsrobo.app.fileprovider"
49-->src\main\AndroidManifest.xml:29:13-64
50            android:exported="false"
50-->src\main\AndroidManifest.xml:30:13-37
51            android:grantUriPermissions="true" >
51-->src\main\AndroidManifest.xml:31:13-47
52            <meta-data
52-->src\main\AndroidManifest.xml:32:13-34:54
53                android:name="android.support.FILE_PROVIDER_PATHS"
53-->src\main\AndroidManifest.xml:33:17-67
54                android:resource="@xml/file_paths" />
54-->src\main\AndroidManifest.xml:34:17-51
55        </provider>
56
57        <activity
57-->[com.google.android.gms:play-services-auth:20.7.0] AndroidManifest.xml:23:9-27:75
58            android:name="com.google.android.gms.auth.api.signin.internal.SignInHubActivity"
58-->[com.google.android.gms:play-services-auth:20.7.0] AndroidManifest.xml:24:13-93
59            android:excludeFromRecents="true"
59-->[com.google.android.gms:play-services-auth:20.7.0] AndroidManifest.xml:25:13-46
60            android:exported="false"
60-->[com.google.android.gms:play-services-auth:20.7.0] AndroidManifest.xml:26:13-37
61            android:theme="@android:style/Theme.Translucent.NoTitleBar" />
61-->[com.google.android.gms:play-services-auth:20.7.0] AndroidManifest.xml:27:13-72
62        <!--
63            Service handling Google Sign-In user revocation. For apps that do not integrate with
64            Google Sign-In, this service will never be started.
65        -->
66        <service
66-->[com.google.android.gms:play-services-auth:20.7.0] AndroidManifest.xml:33:9-37:51
67            android:name="com.google.android.gms.auth.api.signin.RevocationBoundService"
67-->[com.google.android.gms:play-services-auth:20.7.0] AndroidManifest.xml:34:13-89
68            android:exported="true"
68-->[com.google.android.gms:play-services-auth:20.7.0] AndroidManifest.xml:35:13-36
69            android:permission="com.google.android.gms.auth.api.signin.permission.REVOCATION_NOTIFICATION"
69-->[com.google.android.gms:play-services-auth:20.7.0] AndroidManifest.xml:36:13-107
70            android:visibleToInstantApps="true" />
70-->[com.google.android.gms:play-services-auth:20.7.0] AndroidManifest.xml:37:13-48
71
72        <provider
72-->[androidx.work:work-runtime:2.9.0] AndroidManifest.xml:29:9-37:20
73            android:name="androidx.startup.InitializationProvider"
73-->[androidx.work:work-runtime:2.9.0] AndroidManifest.xml:30:13-67
74            android:authorities="com.newsrobo.app.androidx-startup"
74-->[androidx.work:work-runtime:2.9.0] AndroidManifest.xml:31:13-68
75            android:exported="false" >
75-->[androidx.work:work-runtime:2.9.0] AndroidManifest.xml:32:13-37
76            <meta-data
76-->[androidx.work:work-runtime:2.9.0] AndroidManifest.xml:34:13-36:52
77                android:name="androidx.work.WorkManagerInitializer"
77-->[androidx.work:work-runtime:2.9.0] AndroidManifest.xml:35:17-68
78                android:value="androidx.startup" />
78-->[androidx.work:work-runtime:2.9.0] AndroidManifest.xml:36:17-49
79            <meta-data
79-->[androidx.emoji2:emoji2:1.2.0] AndroidManifest.xml:29:13-31:52
80                android:name="androidx.emoji2.text.EmojiCompatInitializer"
80-->[androidx.emoji2:emoji2:1.2.0] AndroidManifest.xml:30:17-75
81                android:value="androidx.startup" />
81-->[androidx.emoji2:emoji2:1.2.0] AndroidManifest.xml:31:17-49
82            <meta-data
82-->[androidx.lifecycle:lifecycle-process:2.6.1] AndroidManifest.xml:29:13-31:52
83                android:name="androidx.lifecycle.ProcessLifecycleInitializer"
83-->[androidx.lifecycle:lifecycle-process:2.6.1] AndroidManifest.xml:30:17-78
84                android:value="androidx.startup" />
84-->[androidx.lifecycle:lifecycle-process:2.6.1] AndroidManifest.xml:31:17-49
85            <meta-data
85-->[androidx.profileinstaller:profileinstaller:1.3.0] AndroidManifest.xml:29:13-31:52
86                android:name="androidx.profileinstaller.ProfileInstallerInitializer"
86-->[androidx.profileinstaller:profileinstaller:1.3.0] AndroidManifest.xml:30:17-85
87                android:value="androidx.startup" />
87-->[androidx.profileinstaller:profileinstaller:1.3.0] AndroidManifest.xml:31:17-49
88        </provider>
89
90        <service
90-->[androidx.work:work-runtime:2.9.0] AndroidManifest.xml:39:9-45:35
91            android:name="androidx.work.impl.background.systemalarm.SystemAlarmService"
91-->[androidx.work:work-runtime:2.9.0] AndroidManifest.xml:40:13-88
92            android:directBootAware="false"
92-->[androidx.work:work-runtime:2.9.0] AndroidManifest.xml:41:13-44
93            android:enabled="@bool/enable_system_alarm_service_default"
93-->[androidx.work:work-runtime:2.9.0] AndroidManifest.xml:42:13-72
94            android:exported="false" />
94-->[androidx.work:work-runtime:2.9.0] AndroidManifest.xml:43:13-37
95        <service
95-->[androidx.work:work-runtime:2.9.0] AndroidManifest.xml:46:9-52:35
96            android:name="androidx.work.impl.background.systemjob.SystemJobService"
96-->[androidx.work:work-runtime:2.9.0] AndroidManifest.xml:47:13-84
97            android:directBootAware="false"
97-->[androidx.work:work-runtime:2.9.0] AndroidManifest.xml:48:13-44
98            android:enabled="@bool/enable_system_job_service_default"
98-->[androidx.work:work-runtime:2.9.0] AndroidManifest.xml:49:13-70
99            android:exported="true"
99-->[androidx.work:work-runtime:2.9.0] AndroidManifest.xml:50:13-36
100            android:permission="android.permission.BIND_JOB_SERVICE" />
100-->[androidx.work:work-runtime:2.9.0] AndroidManifest.xml:51:13-69
101        <service
101-->[androidx.work:work-runtime:2.9.0] AndroidManifest.xml:53:9-59:35
102            android:name="androidx.work.impl.foreground.SystemForegroundService"
102-->[androidx.work:work-runtime:2.9.0] AndroidManifest.xml:54:13-81
103            android:directBootAware="false"
103-->[androidx.work:work-runtime:2.9.0] AndroidManifest.xml:55:13-44
104            android:enabled="@bool/enable_system_foreground_service_default"
104-->[androidx.work:work-runtime:2.9.0] AndroidManifest.xml:56:13-77
105            android:exported="false" />
105-->[androidx.work:work-runtime:2.9.0] AndroidManifest.xml:57:13-37
106
107        <receiver
107-->[androidx.work:work-runtime:2.9.0] AndroidManifest.xml:61:9-66:35
108            android:name="androidx.work.impl.utils.ForceStopRunnable$BroadcastReceiver"
108-->[androidx.work:work-runtime:2.9.0] AndroidManifest.xml:62:13-88
109            android:directBootAware="false"
109-->[androidx.work:work-runtime:2.9.0] AndroidManifest.xml:63:13-44
110            android:enabled="true"
110-->[androidx.work:work-runtime:2.9.0] AndroidManifest.xml:64:13-35
111            android:exported="false" />
111-->[androidx.work:work-runtime:2.9.0] AndroidManifest.xml:65:13-37
112        <receiver
112-->[androidx.work:work-runtime:2.9.0] AndroidManifest.xml:67:9-77:20
113            android:name="androidx.work.impl.background.systemalarm.ConstraintProxy$BatteryChargingProxy"
113-->[androidx.work:work-runtime:2.9.0] AndroidManifest.xml:68:13-106
114            android:directBootAware="false"
114-->[androidx.work:work-runtime:2.9.0] AndroidManifest.xml:69:13-44
115            android:enabled="false"
115-->[androidx.work:work-runtime:2.9.0] AndroidManifest.xml:70:13-36
116            android:exported="false" >
116-->[androidx.work:work-runtime:2.9.0] AndroidManifest.xml:71:13-37
117            <intent-filter>
117-->[androidx.work:work-runtime:2.9.0] AndroidManifest.xml:73:13-76:29
118                <action android:name="android.intent.action.ACTION_POWER_CONNECTED" />
118-->[androidx.work:work-runtime:2.9.0] AndroidManifest.xml:74:17-87
118-->[androidx.work:work-runtime:2.9.0] AndroidManifest.xml:74:25-84
119                <action android:name="android.intent.action.ACTION_POWER_DISCONNECTED" />
119-->[androidx.work:work-runtime:2.9.0] AndroidManifest.xml:75:17-90
119-->[androidx.work:work-runtime:2.9.0] AndroidManifest.xml:75:25-87
120            </intent-filter>
121        </receiver>
122        <receiver
122-->[androidx.work:work-runtime:2.9.0] AndroidManifest.xml:78:9-88:20
123            android:name="androidx.work.impl.background.systemalarm.ConstraintProxy$BatteryNotLowProxy"
123-->[androidx.work:work-runtime:2.9.0] AndroidManifest.xml:79:13-104
124            android:directBootAware="false"
124-->[androidx.work:work-runtime:2.9.0] AndroidManifest.xml:80:13-44
125            android:enabled="false"
125-->[androidx.work:work-runtime:2.9.0] AndroidManifest.xml:81:13-36
126            android:exported="false" >
126-->[androidx.work:work-runtime:2.9.0] AndroidManifest.xml:82:13-37
127            <intent-filter>
127-->[androidx.work:work-runtime:2.9.0] AndroidManifest.xml:84:13-87:29
128                <action android:name="android.intent.action.BATTERY_OKAY" />
128-->[androidx.work:work-runtime:2.9.0] AndroidManifest.xml:85:17-77
128-->[androidx.work:work-runtime:2.9.0] AndroidManifest.xml:85:25-74
129                <action android:name="android.intent.action.BATTERY_LOW" />
129-->[androidx.work:work-runtime:2.9.0] AndroidManifest.xml:86:17-76
129-->[androidx.work:work-runtime:2.9.0] AndroidManifest.xml:86:25-73
130            </intent-filter>
131        </receiver>
132        <receiver
132-->[androidx.work:work-runtime:2.9.0] AndroidManifest.xml:89:9-99:20
133            android:name="androidx.work.impl.background.systemalarm.ConstraintProxy$StorageNotLowProxy"
133-->[androidx.work:work-runtime:2.9.0] AndroidManifest.xml:90:13-104
134            android:directBootAware="false"
134-->[androidx.work:work-runtime:2.9.0] AndroidManifest.xml:91:13-44
135            android:enabled="false"
135-->[androidx.work:work-runtime:2.9.0] AndroidManifest.xml:92:13-36
136            android:exported="false" >
136-->[androidx.work:work-runtime:2.9.0] AndroidManifest.xml:93:13-37
137            <intent-filter>
137-->[androidx.work:work-runtime:2.9.0] AndroidManifest.xml:95:13-98:29
138                <action android:name="android.intent.action.DEVICE_STORAGE_LOW" />
138-->[androidx.work:work-runtime:2.9.0] AndroidManifest.xml:96:17-83
138-->[androidx.work:work-runtime:2.9.0] AndroidManifest.xml:96:25-80
139                <action android:name="android.intent.action.DEVICE_STORAGE_OK" />
139-->[androidx.work:work-runtime:2.9.0] AndroidManifest.xml:97:17-82
139-->[androidx.work:work-runtime:2.9.0] AndroidManifest.xml:97:25-79
140            </intent-filter>
141        </receiver>
142        <receiver
142-->[androidx.work:work-runtime:2.9.0] AndroidManifest.xml:100:9-109:20
143            android:name="androidx.work.impl.background.systemalarm.ConstraintProxy$NetworkStateProxy"
143-->[androidx.work:work-runtime:2.9.0] AndroidManifest.xml:101:13-103
144            android:directBootAware="false"
144-->[androidx.work:work-runtime:2.9.0] AndroidManifest.xml:102:13-44
145            android:enabled="false"
145-->[androidx.work:work-runtime:2.9.0] AndroidManifest.xml:103:13-36
146            android:exported="false" >
146-->[androidx.work:work-runtime:2.9.0] AndroidManifest.xml:104:13-37
147            <intent-filter>
147-->[androidx.work:work-runtime:2.9.0] AndroidManifest.xml:106:13-108:29
148                <action android:name="android.net.conn.CONNECTIVITY_CHANGE" />
148-->[androidx.work:work-runtime:2.9.0] AndroidManifest.xml:107:17-79
148-->[androidx.work:work-runtime:2.9.0] AndroidManifest.xml:107:25-76
149            </intent-filter>
150        </receiver>
151        <receiver
151-->[androidx.work:work-runtime:2.9.0] AndroidManifest.xml:110:9-121:20
152            android:name="androidx.work.impl.background.systemalarm.RescheduleReceiver"
152-->[androidx.work:work-runtime:2.9.0] AndroidManifest.xml:111:13-88
153            android:directBootAware="false"
153-->[androidx.work:work-runtime:2.9.0] AndroidManifest.xml:112:13-44
154            android:enabled="false"
154-->[androidx.work:work-runtime:2.9.0] AndroidManifest.xml:113:13-36
155            android:exported="false" >
155-->[androidx.work:work-runtime:2.9.0] AndroidManifest.xml:114:13-37
156            <intent-filter>
156-->[androidx.work:work-runtime:2.9.0] AndroidManifest.xml:116:13-120:29
157                <action android:name="android.intent.action.BOOT_COMPLETED" />
157-->[androidx.work:work-runtime:2.9.0] AndroidManifest.xml:117:17-79
157-->[androidx.work:work-runtime:2.9.0] AndroidManifest.xml:117:25-76
158                <action android:name="android.intent.action.TIME_SET" />
158-->[androidx.work:work-runtime:2.9.0] AndroidManifest.xml:118:17-73
158-->[androidx.work:work-runtime:2.9.0] AndroidManifest.xml:118:25-70
159                <action android:name="android.intent.action.TIMEZONE_CHANGED" />
159-->[androidx.work:work-runtime:2.9.0] AndroidManifest.xml:119:17-81
159-->[androidx.work:work-runtime:2.9.0] AndroidManifest.xml:119:25-78
160            </intent-filter>
161        </receiver>
162        <receiver
162-->[androidx.work:work-runtime:2.9.0] AndroidManifest.xml:122:9-131:20
163            android:name="androidx.work.impl.background.systemalarm.ConstraintProxyUpdateReceiver"
163-->[androidx.work:work-runtime:2.9.0] AndroidManifest.xml:123:13-99
164            android:directBootAware="false"
164-->[androidx.work:work-runtime:2.9.0] AndroidManifest.xml:124:13-44
165            android:enabled="@bool/enable_system_alarm_service_default"
165-->[androidx.work:work-runtime:2.9.0] AndroidManifest.xml:125:13-72
166            android:exported="false" >
166-->[androidx.work:work-runtime:2.9.0] AndroidManifest.xml:126:13-37
167            <intent-filter>
167-->[androidx.work:work-runtime:2.9.0] AndroidManifest.xml:128:13-130:29
168                <action android:name="androidx.work.impl.background.systemalarm.UpdateProxies" />
168-->[androidx.work:work-runtime:2.9.0] AndroidManifest.xml:129:17-98
168-->[androidx.work:work-runtime:2.9.0] AndroidManifest.xml:129:25-95
169            </intent-filter>
170        </receiver>
171        <receiver
171-->[androidx.work:work-runtime:2.9.0] AndroidManifest.xml:132:9-142:20
172            android:name="androidx.work.impl.diagnostics.DiagnosticsReceiver"
172-->[androidx.work:work-runtime:2.9.0] AndroidManifest.xml:133:13-78
173            android:directBootAware="false"
173-->[androidx.work:work-runtime:2.9.0] AndroidManifest.xml:134:13-44
174            android:enabled="true"
174-->[androidx.work:work-runtime:2.9.0] AndroidManifest.xml:135:13-35
175            android:exported="true"
175-->[androidx.work:work-runtime:2.9.0] AndroidManifest.xml:136:13-36
176            android:permission="android.permission.DUMP" >
176-->[androidx.work:work-runtime:2.9.0] AndroidManifest.xml:137:13-57
177            <intent-filter>
177-->[androidx.work:work-runtime:2.9.0] AndroidManifest.xml:139:13-141:29
178                <action android:name="androidx.work.diagnostics.REQUEST_DIAGNOSTICS" />
178-->[androidx.work:work-runtime:2.9.0] AndroidManifest.xml:140:17-88
178-->[androidx.work:work-runtime:2.9.0] AndroidManifest.xml:140:25-85
179            </intent-filter>
180        </receiver>
181
182        <activity
182-->[com.google.android.gms:play-services-base:18.1.0] AndroidManifest.xml:20:9-22:45
183            android:name="com.google.android.gms.common.api.GoogleApiActivity"
183-->[com.google.android.gms:play-services-base:18.1.0] AndroidManifest.xml:20:19-85
184            android:exported="false"
184-->[com.google.android.gms:play-services-base:18.1.0] AndroidManifest.xml:22:19-43
185            android:theme="@android:style/Theme.Translucent.NoTitleBar" />
185-->[com.google.android.gms:play-services-base:18.1.0] AndroidManifest.xml:21:19-78
186
187        <meta-data
187-->[com.google.android.gms:play-services-basement:18.2.0] AndroidManifest.xml:21:9-23:69
188            android:name="com.google.android.gms.version"
188-->[com.google.android.gms:play-services-basement:18.2.0] AndroidManifest.xml:22:13-58
189            android:value="@integer/google_play_services_version" />
189-->[com.google.android.gms:play-services-basement:18.2.0] AndroidManifest.xml:23:13-66
190
191        <uses-library
191-->[androidx.window:window:1.0.0] AndroidManifest.xml:25:9-27:40
192            android:name="androidx.window.extensions"
192-->[androidx.window:window:1.0.0] AndroidManifest.xml:26:13-54
193            android:required="false" />
193-->[androidx.window:window:1.0.0] AndroidManifest.xml:27:13-37
194        <uses-library
194-->[androidx.window:window:1.0.0] AndroidManifest.xml:28:9-30:40
195            android:name="androidx.window.sidecar"
195-->[androidx.window:window:1.0.0] AndroidManifest.xml:29:13-51
196            android:required="false" />
196-->[androidx.window:window:1.0.0] AndroidManifest.xml:30:13-37
197
198        <service
198-->[androidx.room:room-runtime:2.5.0] AndroidManifest.xml:24:9-28:63
199            android:name="androidx.room.MultiInstanceInvalidationService"
199-->[androidx.room:room-runtime:2.5.0] AndroidManifest.xml:25:13-74
200            android:directBootAware="true"
200-->[androidx.room:room-runtime:2.5.0] AndroidManifest.xml:26:13-43
201            android:exported="false" />
201-->[androidx.room:room-runtime:2.5.0] AndroidManifest.xml:27:13-37
202
203        <receiver
203-->[androidx.profileinstaller:profileinstaller:1.3.0] AndroidManifest.xml:34:9-52:20
204            android:name="androidx.profileinstaller.ProfileInstallReceiver"
204-->[androidx.profileinstaller:profileinstaller:1.3.0] AndroidManifest.xml:35:13-76
205            android:directBootAware="false"
205-->[androidx.profileinstaller:profileinstaller:1.3.0] AndroidManifest.xml:36:13-44
206            android:enabled="true"
206-->[androidx.profileinstaller:profileinstaller:1.3.0] AndroidManifest.xml:37:13-35
207            android:exported="true"
207-->[androidx.profileinstaller:profileinstaller:1.3.0] AndroidManifest.xml:38:13-36
208            android:permission="android.permission.DUMP" >
208-->[androidx.profileinstaller:profileinstaller:1.3.0] AndroidManifest.xml:39:13-57
209            <intent-filter>
209-->[androidx.profileinstaller:profileinstaller:1.3.0] AndroidManifest.xml:40:13-42:29
210                <action android:name="androidx.profileinstaller.action.INSTALL_PROFILE" />
210-->[androidx.profileinstaller:profileinstaller:1.3.0] AndroidManifest.xml:41:17-91
210-->[androidx.profileinstaller:profileinstaller:1.3.0] AndroidManifest.xml:41:25-88
211            </intent-filter>
212            <intent-filter>
212-->[androidx.profileinstaller:profileinstaller:1.3.0] AndroidManifest.xml:43:13-45:29
213                <action android:name="androidx.profileinstaller.action.SKIP_FILE" />
213-->[androidx.profileinstaller:profileinstaller:1.3.0] AndroidManifest.xml:44:17-85
213-->[androidx.profileinstaller:profileinstaller:1.3.0] AndroidManifest.xml:44:25-82
214            </intent-filter>
215            <intent-filter>
215-->[androidx.profileinstaller:profileinstaller:1.3.0] AndroidManifest.xml:46:13-48:29
216                <action android:name="androidx.profileinstaller.action.SAVE_PROFILE" />
216-->[androidx.profileinstaller:profileinstaller:1.3.0] AndroidManifest.xml:47:17-88
216-->[androidx.profileinstaller:profileinstaller:1.3.0] AndroidManifest.xml:47:25-85
217            </intent-filter>
218            <intent-filter>
218-->[androidx.profileinstaller:profileinstaller:1.3.0] AndroidManifest.xml:49:13-51:29
219                <action android:name="androidx.profileinstaller.action.BENCHMARK_OPERATION" />
219-->[androidx.profileinstaller:profileinstaller:1.3.0] AndroidManifest.xml:50:17-95
219-->[androidx.profileinstaller:profileinstaller:1.3.0] AndroidManifest.xml:50:25-92
220            </intent-filter>
221        </receiver>
222    </application>
223
224</manifest>